2025-12-12T14:23:31.454251Z [info     ] file_logging_enabled           log_file=/home/olzh/demlabs/second/cellframe-node/tests/stage-env/../testing/logs/stage-env_20251212_212331.log
2025-12-12T14:23:31.623492Z [info     ] loading_topology_from_template topology=default
2025-12-12T14:23:31.623904Z [info     ] loaded_config                  path=/home/olzh/demlabs/second/cellframe-node/tests/stage-env.cfg
2025-12-12T14:23:31.628982Z [info     ] cert_generator_initialized     certs_dir=/home/olzh/demlabs/second/cellframe-node/tests/testing/cache/certs docker_mode=True
2025-12-12T14:23:31.645874Z [info     ] docker_connected               version=28.5.1
2025-12-12T14:23:31.783749Z [info     ] genesis_initializer_created    network=stagenet
2025-12-12T14:23:31.794321Z [info     ] artifacts_manager_initialized  artifacts_dir=/home/olzh/demlabs/second/cellframe-node/tests/testing/artifacts collect_crash_dumps=True collect_health_logs=True collect_node_logs=True
2025-12-12T14:23:31.796860Z [info     ] squashfs_mode_initialized      compression=none overlayfs_available=True tools_available=True
2025-12-12T14:23:31.797003Z [info     ] snapshot_manager_initialized   base_path=/home/olzh/demlabs/second/cellframe-node/tests/stage-env config={'mode': 'squashfs', 'squashfs_compression': 'none', 'auto_create_on_startup': True, 'snapshot_name': 'clean_state', 'genesis_stage': 'none', 'phase1_snapshot_name': 'phase1_zerochain_genesis', 'auto_cleanup': True, 'keep_snapshot_count': 5, 'snapshots_dir': '../testing/snapshots', 'cache_dir': '../testing/cache'} mode=squashfs
2025-12-12T14:23:31.797580Z [info     ] network_manager_initialized    cache_dir=../testing/cache network=stagenet snapshot_mode=squashfs timeouts={'startup': 600, 'health_check': 600, 'command': 30} topology=default
2025-12-12T14:23:31.797849Z [info     ] starting_network               rebuild=False topology=default
2025-12-12T14:23:31.797919Z [info     ] stopping_previous_environment 
2025-12-12T14:23:31.797973Z [info     ] stopping_services              remove_images=False volumes=False
2025-12-12T14:23:31.860485Z [info     ] services_stopped              
2025-12-12T14:23:31.860626Z [info     ] previous_environment_stopped  
2025-12-12T14:23:31.860674Z [info     ] cleanup_stale_resources        project=cellframe-stage
2025-12-12T14:23:31.869877Z [info     ] cleanup_completed             
2025-12-12T14:23:31.870041Z [info     ] no_phase1_snapshot_cleaning_data_for_fresh_start name=phase1_zerochain_genesis
2025-12-12T14:23:31.870105Z [info     ] cleaning_node_data_after_stop 
2025-12-12T14:23:31.870217Z [info     ] generating_node_configs       
2025-12-12T14:23:31.870326Z [info     ] node_configs_generated         count=8 seed_nodes=3 validators=3
2025-12-12T14:23:31.870383Z [info     ] generating_configs_and_certs  
2025-12-12T14:23:31.870435Z [info     ] generating_configurations      force=False network=stagenet nodes=8
2025-12-12T14:23:31.875619Z [info     ] generating_certificates        count=8 force=False
2025-12-12T14:23:31.875756Z [info     ] generating_all_certificates    method=docker network=stagenet nodes=8 validators=3
• Generating 8 node certificates using Docker...
2025-12-12T14:23:31.904799Z [info     ] calling_docker_cert_generator  image=cf-cert-generator:latest network_id=0x1234 network_name=stagenet node_count=8 output_dir=/home/olzh/demlabs/second/cellframe-node/tests/testing/cache/certs
2025-12-12T14:23:32.279314Z [info     ] cert_generator_docker_output   stdout=
✓ Generated 8 node + 0 validator certificates
2025-12-12T14:23:32.280267Z [info     ] all_certificates_generated     nodes=8 validators=0
2025-12-12T14:23:32.282497Z [info     ] organizing_validator_certificates
2025-12-12T14:23:32.283648Z [info     ] copying_all_private_certs_to_root1_for_centralized_genesis
2025-12-12T14:23:32.283841Z [info     ] all_private_certs_copied_to_root1 additional_certs=2 note='root-1 can now perform centralized genesis with threshold consensus' own_cert=1 total_pvt_certs=3
2025-12-12T14:23:32.284220Z [info     ] distributing_public_certs_to_all_nodes network=stagenet total_nodes=8
2025-12-12T14:23:32.284624Z [info     ] public_certs_distributed_to_node master_certs=3 node_id=1 root_certs=3
2025-12-12T14:23:32.284982Z [info     ] public_certs_distributed_to_node master_certs=3 node_id=2 root_certs=3
2025-12-12T14:23:32.285317Z [info     ] public_certs_distributed_to_node master_certs=3 node_id=3 root_certs=3
2025-12-12T14:23:32.285644Z [info     ] public_certs_distributed_to_node master_certs=3 node_id=4 root_certs=3
2025-12-12T14:23:32.285984Z [info     ] public_certs_distributed_to_node master_certs=3 node_id=5 root_certs=3
2025-12-12T14:23:32.286324Z [info     ] public_certs_distributed_to_node master_certs=3 node_id=6 root_certs=3
2025-12-12T14:23:32.286680Z [info     ] public_certs_distributed_to_node master_certs=3 node_id=7 root_certs=3
2025-12-12T14:23:32.287052Z [info     ] public_certs_distributed_to_node master_certs=3 node_id=8 root_certs=3
2025-12-12T14:23:32.287110Z [info     ] certificates_generated         count=8
2025-12-12T14:23:32.291136Z [info     ] validator_addresses_collected  addresses=[DA39::7449::B5AA::5A72,0B3A::9A86::5B4C::0D57,DDB... count=3
2025-12-12T14:23:32.291343Z [info     ] root_node_addresses_collected  addresses=[B78F::DD61::9C06::55BF,2C98::1A27::541F::2DA5,081... count=3
2025-12-12T14:23:32.291467Z [info     ] validator_addresses_collected  addresses=[DA39::7449::B5AA::5A72,0B3A::9A86::5B4C::0D57,DDB... count=3
2025-12-12T14:23:32.291526Z [info     ] mainchain_validators_configured master_validators_count=3 min_validators_count=2 note='Using master node addresses in validators_addrs for mainchain'
2025-12-12T14:23:32.291792Z [info     ] loaded_config                  path=/home/olzh/demlabs/second/cellframe-node/tests/stage-env.cfg
2025-12-12T14:23:32.296201Z [info     ] configurations_generated       network=stagenet nodes=8
2025-12-12T14:23:32.296337Z [info     ] generating_docker_compose     
2025-12-12T14:23:32.296666Z [info     ] generating_compose_file        build_type=debug cache_dir=../testing/cache node_count=8 node_source_type=url
2025-12-12T14:23:32.321506Z [info     ] compose_file_generated         path=/home/olzh/demlabs/second/cellframe-node/tests/stage-env/docker-compose.generated.yml services=8
2025-12-12T14:23:32.321680Z [info     ] node_distribution              full=2 master=3 root=3
2025-12-12T14:23:32.321744Z [info     ] === PHASE 1: ROOT Nodes Startup (DAG-PoA Genesis) ===
2025-12-12T14:23:32.330048Z [info     ] network_consensus_monitor_initialized network=stagenet nodes=3
2025-12-12T14:23:32.345145Z [info     ] Loaded scenario: PHASE 1 - Zerochain Genesis from genesis/phase1_zerochain.yml
2025-12-12T14:23:32.359752Z [info     ] executing_phase1_scenario     
2025-12-12T14:23:32.359898Z [info     ] Starting scenario: PHASE 1 - Zerochain Genesis
2025-12-12T14:23:32.359962Z [info     ] Description: Initialize ROOT nodes, create token and emission
2025-12-12T14:23:32.360061Z [info     ] Executing setup phase...      
2025-12-12T14:23:32.360134Z [info     ] Step 1/4: ConfigStep (cellframe-node)
2025-12-12T14:23:32.360301Z [info     ] Config: regenerating 'cellframe-node' for nodes [1, 2, 3] with vars ['seed_mode']
2025-12-12T14:23:32.360970Z [info     ] cert_generator_initialized     certs_dir=/home/olzh/demlabs/second/cellframe-node/tests/testing/cache/certs docker_mode=True
2025-12-12T14:23:32.362191Z [info     ] Regenerated cellframe-node.cfg for node 1
2025-12-12T14:23:32.362422Z [info     ] Regenerated cellframe-node.cfg for node 2
2025-12-12T14:23:32.362603Z [info     ] Regenerated cellframe-node.cfg for node 3
2025-12-12T14:23:32.362662Z [info     ] Step 2/4: DockerOpStep        
2025-12-12T14:23:32.362737Z [info     ] Docker operation: start on services ['root-1', 'root-2', 'root-3', 'master-1', 'master-2', 'master-3']
2025-12-12T14:23:32.362807Z [info     ] starting_services              services=['node-1', 'node-2', 'node-3', 'node-4', 'node-5', 'node-6']
2025-12-12T14:23:33.045441Z [info     ] services_started              
2025-12-12T14:23:33.046135Z [info     ] waiting_for_container_ips      containers=['cellframe-stage-node-1', 'cellframe-stage-node-2', 'cellframe-stage-node-3', 'cellframe-stage-node-4', 'cellframe-stage-node-5', 'cellframe-stage-node-6']
2025-12-12T14:23:33.046298Z [info     ] waiting_for_container_ips      containers=['cellframe-stage-node-6', 'cellframe-stage-node-5', 'cellframe-stage-node-1', 'cellframe-stage-node-3', 'cellframe-stage-node-4', 'cellframe-stage-node-2'] timeout=30.0
2025-12-12T14:23:33.081245Z [info     ] all_containers_have_ips        count=6 elapsed=0.0
2025-12-12T14:23:33.081395Z [info     ] ✅ All containers have IP addresses count=6
2025-12-12T14:23:33.081452Z [info     ] ✅ Docker operation 'start' completed
2025-12-12T14:23:33.081506Z [info     ] Step 3/4: NetworkWaitStep     
2025-12-12T14:23:33.081577Z [info     ] Waiting for network state: online on nodes ['root-1', 'root-2', 'root-3', 'master-1', 'master-2', 'master-3']
2025-12-12T14:23:33.103113Z [info     ] waiting_for_nodes_online       node_count=6 timeout=60
2025-12-12T14:23:40.312350Z [info     ] all_nodes_online               count=6 elapsed=6.9s
2025-12-12T14:23:40.312555Z [info     ] ✅ Network state 'online' achieved
2025-12-12T14:23:40.312618Z [info     ] Step 4/4: WaitStep            
2025-12-12T14:23:40.312703Z [info     ] Executing WaitStep. Dump: {'wait': '5s', 'datum': None, 'node': None, 'nodes': None, 'network': None, 'chain': None, 'timeout': 60, 'check_master': True, 'expected_count': None}
2025-12-12T14:23:40.312884Z [info     ] Waiting 5s (5s)               
2025-12-12T14:23:45.317050Z [info     ] collecting_global_context_after_setup nodes=3
2025-12-12T14:23:45.317846Z [info     ] global_context_waiting_for_ips containers=['cellframe-stage-node-1', 'cellframe-stage-node-2', 'cellframe-stage-node-3'] count=3
2025-12-12T14:23:45.317988Z [info     ] waiting_for_container_ips      containers=['cellframe-stage-node-3', 'cellframe-stage-node-1', 'cellframe-stage-node-2'] timeout=30.0
2025-12-12T14:23:45.331927Z [info     ] all_containers_have_ips        count=3 elapsed=0.0
2025-12-12T14:23:45.332066Z [info     ] global_context_ips_collected   count=3 node_ip_map={'node1': '172.20.0.10', 'node2': '172.20.0.11', 'node3': '172.20.0.12'}
2025-12-12T14:23:45.332140Z [info     ] global_context_injected_into_scenario node_count=3 node_ip_map={'node1': '172.20.0.10', 'node2': '172.20.0.11', 'node3': '172.20.0.12'} variables=['network_name', 'topology_name', 'node_ips', 'node_ip', 'node_count', 'root_count', 'master_count', 'full_count', 'root_nodes', 'master_nodes', 'full_nodes']
2025-12-12T14:23:45.342077Z [info     ] initializing_cli_parser_after_setup
2025-12-12T14:23:45.389039Z [info     ] Parsing CLI help from container container=cellframe-stage-node-5
2025-12-12T14:23:45.449343Z [info     ] CLI help output (first 500 chars): Available commands:

srv_stake:			Delegated stake service commands
dag:			DAG commands
dag_poa:			DAG PoA commands
block:			Create and explore blockchains
esbocs:			ESBOCS commands
poll:			Voting/poll commands
net:			Network commands
net_srv:			Network services managment
srv_xchange:			eXchange service commands
stake_ext:			Extended stake commands
stake_lock:			Stake lock service commands
global_db:			Work with global database
mempool:			Command for working with mempool
node:			Work with node
ve
2025-12-12T14:23:45.449600Z [info     ] Found 41 CLI commands         
2025-12-12T14:23:47.965005Z [info     ] CLI parsing complete: 41 commands mapped
2025-12-12T14:23:47.965362Z [info     ] Saved CLI commands to cache: /home/olzh/demlabs/second/cellframe-node/tests/stage-env/.cache/cli_commands.json
2025-12-12T14:23:47.965442Z [info     ] cli_parser_initialized_after_setup commands=41 note='CLI defaults will be applied to commands'
2025-12-12T14:23:47.965510Z [info     ] Executing test phase...       
2025-12-12T14:23:47.965585Z [info     ] Step 1/23: StepGroup          
2025-12-12T14:23:47.965640Z [info     ] Step 1/3: CLIStep             
2025-12-12T14:23:47.965711Z [info     ] CLI step: node dump (node: root-1)
2025-12-12T14:23:47.973713Z [info     ] exec_cli_command_debug         command_original='node dump -net stagenet' command_split=['node', 'dump', '-net', 'stagenet'] container=cellframe-stage-node-1 full_cmd_list=['docker', 'exec', 'cellframe-stage-node-1', 'sh', '-c', 'cellframe-node-cli node dump -net stagenet'] shell_cmd='cellframe-node-cli node dump -net stagenet'
2025-12-12T14:23:48.018020Z [info     ] cli_save_node_output_debug     command='node dump -net stagenet' output_length=292 output_preview='Record timestamp: Fri, 12 Dec 2025 14:23:43 +0000\nRecord version: 2\nNode version: 5.7-14\nNode addr: B78F::DD61::9C06::55BF\nNet: stagenet\nRole: NODE_ROLE_ROOT\nEvents count: 0\nAtoms count: 0\nUplinks count: 0\nDownlinks count: 0\n-----------------------------------------------------------------\n\n' pattern='Node addr:\\s+([A-Fa-f0-9:]+)'
2025-12-12T14:23:48.018306Z [info     ] Step 2/3: CLIStep             
2025-12-12T14:23:48.018376Z [info     ] CLI step: node dump (node: root-2)
2025-12-12T14:23:48.027349Z [info     ] exec_cli_command_debug         command_original='node dump -net stagenet' command_split=['node', 'dump', '-net', 'stagenet'] container=cellframe-stage-node-2 full_cmd_list=['docker', 'exec', 'cellframe-stage-node-2', 'sh', '-c', 'cellframe-node-cli node dump -net stagenet'] shell_cmd='cellframe-node-cli node dump -net stagenet'
2025-12-12T14:23:48.063941Z [info     ] cli_save_node_output_debug     command='node dump -net stagenet' output_length=292 output_preview='Record timestamp: Fri, 12 Dec 2025 14:23:43 +0000\nRecord version: 2\nNode version: 5.7-14\nNode addr: 2C98::1A27::541F::2DA5\nNet: stagenet\nRole: NODE_ROLE_ROOT\nEvents count: 0\nAtoms count: 0\nUplinks count: 0\nDownlinks count: 0\n-----------------------------------------------------------------\n\n' pattern='Node addr:\\s+([A-Fa-f0-9:]+)'
2025-12-12T14:23:48.064126Z [info     ] Step 3/3: CLIStep             
2025-12-12T14:23:48.064191Z [info     ] CLI step: node dump (node: root-3)
2025-12-12T14:23:48.071532Z [info     ] exec_cli_command_debug         command_original='node dump -net stagenet' command_split=['node', 'dump', '-net', 'stagenet'] container=cellframe-stage-node-3 full_cmd_list=['docker', 'exec', 'cellframe-stage-node-3', 'sh', '-c', 'cellframe-node-cli node dump -net stagenet'] shell_cmd='cellframe-node-cli node dump -net stagenet'
2025-12-12T14:23:48.107848Z [info     ] cli_save_node_output_debug     command='node dump -net stagenet' output_length=292 output_preview='Record timestamp: Fri, 12 Dec 2025 14:23:42 +0000\nRecord version: 2\nNode version: 5.7-14\nNode addr: 0812::23FD::53E7::66CD\nNet: stagenet\nRole: NODE_ROLE_ROOT\nEvents count: 0\nAtoms count: 0\nUplinks count: 0\nDownlinks count: 0\n-----------------------------------------------------------------\n\n' pattern='Node addr:\\s+([A-Fa-f0-9:]+)'
2025-12-12T14:23:48.108074Z [info     ] Step 2/23: StepGroup          
2025-12-12T14:23:48.108170Z [info     ] Step 1/2: CLIStep             
2025-12-12T14:23:48.108251Z [info     ] CLI step: node add -addr 2C98::1A27::541F::2DA5 -alias root-2 -host 172.20.0.11 -port 8079 (node: root-1)
2025-12-12T14:23:48.115945Z [info     ] exec_cli_command_debug         command_original='node add -addr 2C98::1A27::541F::2DA5 -alias root-2 -host 172.20.0.11 -port 8079 -net stagenet' command_split=['node', 'add', '-addr', '2C98::1A27::541F::2DA5', '-alias', 'root-2', '-host', '172.20.0.11', '-port', '8079', '-net', 'stagenet'] container=cellframe-stage-node-1 full_cmd_list=['docker', 'exec', 'cellframe-stage-node-1', 'sh', '-c', 'cellframe-node-cli node add -addr 2C98::1A27::541F::2DA5 -alias root-2 -host 172.20.0.11 -port 8079 -net stagenet'] shell_cmd='cellframe-node-cli node add -addr 2C98::1A27::541F::2DA5 -alias root-2 -host 172.20.0.11 -port 8079 -net stagenet'
2025-12-12T14:23:48.197912Z [info     ] Step 2/2: CLIStep             
2025-12-12T14:23:48.198070Z [info     ] CLI step: node add -addr 0812::23FD::53E7::66CD -alias root-3 -host 172.20.0.12 -port 8079 (node: root-1)
2025-12-12T14:23:48.205928Z [info     ] exec_cli_command_debug         command_original='node add -addr 0812::23FD::53E7::66CD -alias root-3 -host 172.20.0.12 -port 8079 -net stagenet' command_split=['node', 'add', '-addr', '0812::23FD::53E7::66CD', '-alias', 'root-3', '-host', '172.20.0.12', '-port', '8079', '-net', 'stagenet'] container=cellframe-stage-node-1 full_cmd_list=['docker', 'exec', 'cellframe-stage-node-1', 'sh', '-c', 'cellframe-node-cli node add -addr 0812::23FD::53E7::66CD -alias root-3 -host 172.20.0.12 -port 8079 -net stagenet'] shell_cmd='cellframe-node-cli node add -addr 0812::23FD::53E7::66CD -alias root-3 -host 172.20.0.12 -port 8079 -net stagenet'
2025-12-12T14:23:48.273717Z [info     ] Step 3/23: StepGroup          
2025-12-12T14:23:48.273864Z [info     ] Step 1/2: CLIStep             
2025-12-12T14:23:48.273935Z [info     ] CLI step: node add -addr B78F::DD61::9C06::55BF -alias root-1 -host 172.20.0.10 -port 8079 (node: root-2)
2025-12-12T14:23:48.281117Z [info     ] exec_cli_command_debug         command_original='node add -addr B78F::DD61::9C06::55BF -alias root-1 -host 172.20.0.10 -port 8079 -net stagenet' command_split=['node', 'add', '-addr', 'B78F::DD61::9C06::55BF', '-alias', 'root-1', '-host', '172.20.0.10', '-port', '8079', '-net', 'stagenet'] container=cellframe-stage-node-2 full_cmd_list=['docker', 'exec', 'cellframe-stage-node-2', 'sh', '-c', 'cellframe-node-cli node add -addr B78F::DD61::9C06::55BF -alias root-1 -host 172.20.0.10 -port 8079 -net stagenet'] shell_cmd='cellframe-node-cli node add -addr B78F::DD61::9C06::55BF -alias root-1 -host 172.20.0.10 -port 8079 -net stagenet'
2025-12-12T14:23:48.337851Z [info     ] Step 2/2: CLIStep             
2025-12-12T14:23:48.337999Z [info     ] CLI step: node add -addr 0812::23FD::53E7::66CD -alias root-3 -host 172.20.0.12 -port 8079 (node: root-2)
2025-12-12T14:23:48.345523Z [info     ] exec_cli_command_debug         command_original='node add -addr 0812::23FD::53E7::66CD -alias root-3 -host 172.20.0.12 -port 8079 -net stagenet' command_split=['node', 'add', '-addr', '0812::23FD::53E7::66CD', '-alias', 'root-3', '-host', '172.20.0.12', '-port', '8079', '-net', 'stagenet'] container=cellframe-stage-node-2 full_cmd_list=['docker', 'exec', 'cellframe-stage-node-2', 'sh', '-c', 'cellframe-node-cli node add -addr 0812::23FD::53E7::66CD -alias root-3 -host 172.20.0.12 -port 8079 -net stagenet'] shell_cmd='cellframe-node-cli node add -addr 0812::23FD::53E7::66CD -alias root-3 -host 172.20.0.12 -port 8079 -net stagenet'
2025-12-12T14:23:48.425785Z [info     ] Step 4/23: StepGroup          
2025-12-12T14:23:48.425940Z [info     ] Step 1/2: CLIStep             
2025-12-12T14:23:48.426014Z [info     ] CLI step: node add -addr B78F::DD61::9C06::55BF -alias root-1 -host 172.20.0.10 -port 8079 (node: root-3)
2025-12-12T14:23:48.433565Z [info     ] exec_cli_command_debug         command_original='node add -addr B78F::DD61::9C06::55BF -alias root-1 -host 172.20.0.10 -port 8079 -net stagenet' command_split=['node', 'add', '-addr', 'B78F::DD61::9C06::55BF', '-alias', 'root-1', '-host', '172.20.0.10', '-port', '8079', '-net', 'stagenet'] container=cellframe-stage-node-3 full_cmd_list=['docker', 'exec', 'cellframe-stage-node-3', 'sh', '-c', 'cellframe-node-cli node add -addr B78F::DD61::9C06::55BF -alias root-1 -host 172.20.0.10 -port 8079 -net stagenet'] shell_cmd='cellframe-node-cli node add -addr B78F::DD61::9C06::55BF -alias root-1 -host 172.20.0.10 -port 8079 -net stagenet'
2025-12-12T14:23:48.494141Z [info     ] Step 2/2: CLIStep             
2025-12-12T14:23:48.494300Z [info     ] CLI step: node add -addr 2C98::1A27::541F::2DA5 -alias root-2 -host 172.20.0.11 -port 8079 (node: root-3)
2025-12-12T14:23:48.502748Z [info     ] exec_cli_command_debug         command_original='node add -addr 2C98::1A27::541F::2DA5 -alias root-2 -host 172.20.0.11 -port 8079 -net stagenet' command_split=['node', 'add', '-addr', '2C98::1A27::541F::2DA5', '-alias', 'root-2', '-host', '172.20.0.11', '-port', '8079', '-net', 'stagenet'] container=cellframe-stage-node-3 full_cmd_list=['docker', 'exec', 'cellframe-stage-node-3', 'sh', '-c', 'cellframe-node-cli node add -addr 2C98::1A27::541F::2DA5 -alias root-2 -host 172.20.0.11 -port 8079 -net stagenet'] shell_cmd='cellframe-node-cli node add -addr 2C98::1A27::541F::2DA5 -alias root-2 -host 172.20.0.11 -port 8079 -net stagenet'
2025-12-12T14:23:48.553508Z [info     ] Step 5/23: StepGroup          
2025-12-12T14:23:48.553660Z [info     ] Step 1/3: CLIStep             
2025-12-12T14:23:48.553725Z [info     ] CLI step: net go offline (node: root-1)
2025-12-12T14:23:48.562152Z [info     ] exec_cli_command_debug         command_original='net go offline -net stagenet' command_split=['net', 'go', 'offline', '-net', 'stagenet'] container=cellframe-stage-node-1 full_cmd_list=['docker', 'exec', 'cellframe-stage-node-1', 'sh', '-c', 'cellframe-node-cli net go offline -net stagenet'] shell_cmd='cellframe-node-cli net go offline -net stagenet'
2025-12-12T14:23:48.625541Z [info     ] Step 2/3: CLIStep             
2025-12-12T14:23:48.625682Z [info     ] CLI step: net go offline (node: root-2)
2025-12-12T14:23:48.632531Z [info     ] exec_cli_command_debug         command_original='net go offline -net stagenet' command_split=['net', 'go', 'offline', '-net', 'stagenet'] container=cellframe-stage-node-2 full_cmd_list=['docker', 'exec', 'cellframe-stage-node-2', 'sh', '-c', 'cellframe-node-cli net go offline -net stagenet'] shell_cmd='cellframe-node-cli net go offline -net stagenet'
2025-12-12T14:23:48.694596Z [info     ] Step 3/3: CLIStep             
2025-12-12T14:23:48.694734Z [info     ] CLI step: net go offline (node: root-3)
2025-12-12T14:23:48.701776Z [info     ] exec_cli_command_debug         command_original='net go offline -net stagenet' command_split=['net', 'go', 'offline', '-net', 'stagenet'] container=cellframe-stage-node-3 full_cmd_list=['docker', 'exec', 'cellframe-stage-node-3', 'sh', '-c', 'cellframe-node-cli net go offline -net stagenet'] shell_cmd='cellframe-node-cli net go offline -net stagenet'
2025-12-12T14:23:48.778045Z [info     ] Step 6/23: NetworkWaitStep    
2025-12-12T14:23:48.778187Z [info     ] Waiting for network state: offline on nodes ['root-1', 'root-2', 'root-3']
2025-12-12T14:23:48.778266Z [info     ] waiting_for_nodes_offline      node_count=3 timeout=60
2025-12-12T14:23:48.925898Z [info     ] all_nodes_offline              count=3 elapsed=0.0s
2025-12-12T14:23:48.926028Z [info     ] ✅ Network state 'offline' achieved
2025-12-12T14:23:48.926087Z [info     ] Step 7/23: StepGroup          
2025-12-12T14:23:48.926152Z [info     ] Step 1/3: CLIStep             
2025-12-12T14:23:48.926206Z [info     ] CLI step: net go online (node: root-1)
2025-12-12T14:23:48.933091Z [info     ] exec_cli_command_debug         command_original='net go online -net stagenet' command_split=['net', 'go', 'online', '-net', 'stagenet'] container=cellframe-stage-node-1 full_cmd_list=['docker', 'exec', 'cellframe-stage-node-1', 'sh', '-c', 'cellframe-node-cli net go online -net stagenet'] shell_cmd='cellframe-node-cli net go online -net stagenet'
2025-12-12T14:23:49.009737Z [info     ] Step 2/3: CLIStep             
2025-12-12T14:23:49.009867Z [info     ] CLI step: net go online (node: root-2)
2025-12-12T14:23:49.017047Z [info     ] exec_cli_command_debug         command_original='net go online -net stagenet' command_split=['net', 'go', 'online', '-net', 'stagenet'] container=cellframe-stage-node-2 full_cmd_list=['docker', 'exec', 'cellframe-stage-node-2', 'sh', '-c', 'cellframe-node-cli net go online -net stagenet'] shell_cmd='cellframe-node-cli net go online -net stagenet'
2025-12-12T14:23:49.086039Z [info     ] Step 3/3: CLIStep             
2025-12-12T14:23:49.086194Z [info     ] CLI step: net go online (node: root-3)
2025-12-12T14:23:49.093617Z [info     ] exec_cli_command_debug         command_original='net go online -net stagenet' command_split=['net', 'go', 'online', '-net', 'stagenet'] container=cellframe-stage-node-3 full_cmd_list=['docker', 'exec', 'cellframe-stage-node-3', 'sh', '-c', 'cellframe-node-cli net go online -net stagenet'] shell_cmd='cellframe-node-cli net go online -net stagenet'
2025-12-12T14:23:49.174132Z [info     ] Step 8/23: NetworkWaitStep    
2025-12-12T14:23:49.174269Z [info     ] Waiting for network state: links_established on nodes ['root-1', 'root-2', 'root-3']
2025-12-12T14:23:49.181308Z [info     ] network_consensus_monitor_initialized network=stagenet nodes=3
2025-12-12T14:23:49.181443Z [info     ] waiting_for_links_established  nodes=3 timeout=120.0
2025-12-12T14:23:56.082916Z [info     ] links_establishment_progress   elapsed=6.6s ready=0 total=3
2025-12-12T14:24:02.577776Z [info     ] links_establishment_progress   elapsed=13.1s ready=0 total=3
2025-12-12T14:24:09.053284Z [info     ] links_establishment_progress   elapsed=19.6s ready=0 total=3
2025-12-12T14:24:15.646933Z [info     ] links_establishment_progress   elapsed=26.1s ready=0 total=3
2025-12-12T14:24:22.367598Z [info     ] links_establishment_progress   elapsed=32.7s ready=0 total=3
2025-12-12T14:24:29.037859Z [info     ] links_establishment_progress   elapsed=39.3s ready=0 total=3
2025-12-12T14:24:35.531307Z [info     ] links_establishment_progress   elapsed=45.9s ready=0 total=3
2025-12-12T14:24:42.102455Z [info     ] links_establishment_progress   elapsed=52.5s ready=0 total=3
2025-12-12T14:24:48.585649Z [info     ] links_establishment_progress   elapsed=59.0s ready=0 total=3
2025-12-12T14:24:55.219458Z [info     ] links_establishment_progress   elapsed=65.5s ready=0 total=3
2025-12-12T14:25:01.693928Z [info     ] links_establishment_progress   elapsed=72.0s ready=0 total=3
2025-12-12T14:25:08.227148Z [info     ] links_establishment_progress   elapsed=78.5s ready=0 total=3
2025-12-12T14:25:14.731575Z [info     ] links_establishment_progress   elapsed=85.0s ready=0 total=3
2025-12-12T14:25:21.332756Z [info     ] links_establishment_progress   elapsed=91.5s ready=0 total=3
2025-12-12T14:25:27.899906Z [info     ] links_establishment_progress   elapsed=98.1s ready=0 total=3
2025-12-12T14:25:34.373772Z [info     ] links_establishment_progress   elapsed=104.6s ready=0 total=3
2025-12-12T14:25:40.887671Z [info     ] links_establishment_progress   elapsed=111.1s ready=0 total=3
2025-12-12T14:25:47.395028Z [info     ] links_establishment_progress   elapsed=117.6s ready=0 total=3
2025-12-12T14:25:51.682345Z [error    ] links_establishment_timeout    elapsed=121.9s timeout=120.0
2025-12-12T14:25:51.682549Z [error    ] Network wait failed: Links did not establish within 120.0s
2025-12-12T14:25:51.694346Z [error    ] root_nodes_genesis_failed      error="Network wait failed: Links did not establish within 120.0s\nStep: wait_network='links_established' nodes=['root-1', 'root-2', 'root-3'] timeout=120 network='stagenet' chain=None" traceback='Traceback (most recent call last):\n  File "/home/olzh/demlabs/second/cellframe-node/tests/stage-env/src/scenarios/step/network_wait.py", line 103, in execute\n    await monitor.wait_for_links_established(timeout=float(step.timeout))\n  File "/home/olzh/demlabs/second/cellframe-node/tests/stage-env/src/monitoring/network_consensus.py", line 414, in wait_for_links_established\n    raise TimeoutError(f"Links did not establish within {timeout}s")\nTimeoutError: Links did not establish within 120.0s\n\nDuring handling of the above exception, another exception occurred:\n\nTraceback (most recent call last):\n  File "/home/olzh/demlabs/second/cellframe-node/tests/stage-env/src/network/manager.py", line 384, in start\n    ctx = await executor.execute_scenario(\n          ^^^^^^^^^^^^^^^^^^^^^^^^^^^^^^^^\n  File "/home/olzh/demlabs/second/cellframe-node/tests/stage-env/src/scenarios/executor.py", line 499, in execute_scenario\n    await self._execute_steps(scenario.test.steps, ctx, section_defaults)\n  File "/home/olzh/demlabs/second/cellframe-node/tests/stage-env/src/scenarios/executor.py", line 595, in _execute_steps\n    await self.network_wait_executor.execute(step, ctx)\n  File "/home/olzh/demlabs/second/cellframe-node/tests/stage-env/src/scenarios/step/network_wait.py", line 126, in execute\n    raise ScenarioExecutionError(error_msg, step=step)\nsrc.scenarios.executor.ScenarioExecutionError: Network wait failed: Links did not establish within 120.0s\nStep: wait_network=\'links_established\' nodes=[\'root-1\', \'root-2\', \'root-3\'] timeout=120 network=\'stagenet\' chain=None\n'
2025-12-12T14:25:51.694567Z [info     ] stopping_services              remove_images=False volumes=False
2025-12-12T14:25:53.259267Z [info     ] services_stopped              
