2025-12-12T14:34:19.317723Z [info     ] file_logging_enabled           log_file=/home/olzh/demlabs/second/cellframe-node/tests/stage-env/../testing/logs/stage-env_20251212_213419.log
2025-12-12T14:34:19.465952Z [info     ] loading_topology_from_template topology=default
2025-12-12T14:34:19.466360Z [info     ] loaded_config                  path=/home/olzh/demlabs/second/cellframe-node/tests/stage-env.cfg
2025-12-12T14:34:19.471556Z [info     ] cert_generator_initialized     certs_dir=/home/olzh/demlabs/second/cellframe-node/tests/testing/cache/certs docker_mode=True
2025-12-12T14:34:19.488341Z [info     ] docker_connected               version=28.5.1
2025-12-12T14:34:19.619106Z [info     ] genesis_initializer_created    network=stagenet
2025-12-12T14:34:19.626514Z [info     ] artifacts_manager_initialized  artifacts_dir=/home/olzh/demlabs/second/cellframe-node/tests/testing/artifacts collect_crash_dumps=True collect_health_logs=True collect_node_logs=True
2025-12-12T14:34:19.628727Z [info     ] squashfs_mode_initialized      compression=none overlayfs_available=True tools_available=True
2025-12-12T14:34:19.628854Z [info     ] snapshot_manager_initialized   base_path=/home/olzh/demlabs/second/cellframe-node/tests/stage-env config={'mode': 'squashfs', 'squashfs_compression': 'none', 'auto_create_on_startup': True, 'snapshot_name': 'clean_state', 'genesis_stage': 'none', 'phase1_snapshot_name': 'phase1_zerochain_genesis', 'auto_cleanup': True, 'keep_snapshot_count': 5, 'snapshots_dir': '../testing/snapshots', 'cache_dir': '../testing/cache'} mode=squashfs
2025-12-12T14:34:19.638725Z [info     ] network_manager_initialized    cache_dir=../testing/cache network=stagenet snapshot_mode=squashfs timeouts={'startup': 600, 'health_check': 600, 'command': 30} topology=default
2025-12-12T14:34:19.639071Z [info     ] starting_network               rebuild=False topology=default
2025-12-12T14:34:19.639147Z [info     ] stopping_previous_environment 
2025-12-12T14:34:19.639201Z [info     ] stopping_services              remove_images=False volumes=False
2025-12-12T14:34:19.701198Z [info     ] services_stopped              
2025-12-12T14:34:19.701350Z [info     ] previous_environment_stopped  
2025-12-12T14:34:19.701400Z [info     ] cleanup_stale_resources        project=cellframe-stage
2025-12-12T14:34:19.710476Z [info     ] cleanup_completed             
2025-12-12T14:34:19.710646Z [info     ] no_phase1_snapshot_cleaning_data_for_fresh_start name=phase1_zerochain_genesis
2025-12-12T14:34:19.710716Z [info     ] cleaning_node_data_after_stop 
2025-12-12T14:34:19.710814Z [info     ] generating_node_configs       
2025-12-12T14:34:19.710920Z [info     ] node_configs_generated         count=8 seed_nodes=3 validators=3
2025-12-12T14:34:19.710975Z [info     ] generating_configs_and_certs  
2025-12-12T14:34:19.711019Z [info     ] generating_configurations      force=False network=stagenet nodes=8
2025-12-12T14:34:19.716587Z [info     ] generating_certificates        count=8 force=False
2025-12-12T14:34:19.716699Z [info     ] generating_all_certificates    method=docker network=stagenet nodes=8 validators=3
• Generating 8 node certificates using Docker...
2025-12-12T14:34:19.744698Z [info     ] calling_docker_cert_generator  image=cf-cert-generator:latest network_id=0x1234 network_name=stagenet node_count=8 output_dir=/home/olzh/demlabs/second/cellframe-node/tests/testing/cache/certs
2025-12-12T14:34:20.157042Z [info     ] cert_generator_docker_output   stdout=
✓ Generated 8 node + 0 validator certificates
2025-12-12T14:34:20.158122Z [info     ] all_certificates_generated     nodes=8 validators=0
2025-12-12T14:34:20.160618Z [info     ] organizing_validator_certificates
2025-12-12T14:34:20.161782Z [info     ] copying_all_private_certs_to_root1_for_centralized_genesis
2025-12-12T14:34:20.161979Z [info     ] all_private_certs_copied_to_root1 additional_certs=2 note='root-1 can now perform centralized genesis with threshold consensus' own_cert=1 total_pvt_certs=3
2025-12-12T14:34:20.162362Z [info     ] distributing_public_certs_to_all_nodes network=stagenet total_nodes=8
2025-12-12T14:34:20.162706Z [info     ] public_certs_distributed_to_node master_certs=3 node_id=1 root_certs=3
2025-12-12T14:34:20.163036Z [info     ] public_certs_distributed_to_node master_certs=3 node_id=2 root_certs=3
2025-12-12T14:34:20.163359Z [info     ] public_certs_distributed_to_node master_certs=3 node_id=3 root_certs=3
2025-12-12T14:34:20.163674Z [info     ] public_certs_distributed_to_node master_certs=3 node_id=4 root_certs=3
2025-12-12T14:34:20.164012Z [info     ] public_certs_distributed_to_node master_certs=3 node_id=5 root_certs=3
2025-12-12T14:34:20.164380Z [info     ] public_certs_distributed_to_node master_certs=3 node_id=6 root_certs=3
2025-12-12T14:34:20.164722Z [info     ] public_certs_distributed_to_node master_certs=3 node_id=7 root_certs=3
2025-12-12T14:34:20.165065Z [info     ] public_certs_distributed_to_node master_certs=3 node_id=8 root_certs=3
2025-12-12T14:34:20.165116Z [info     ] certificates_generated         count=8
2025-12-12T14:34:20.169336Z [info     ] validator_addresses_collected  addresses=[F942::4B69::BE1D::1AFE,BB15::8110::EEE2::19D9,D78... count=3
2025-12-12T14:34:20.169553Z [info     ] root_node_addresses_collected  addresses=[1EE9::FF01::8556::D912,E5A1::2D1E::4246::566F,4F6... count=3
2025-12-12T14:34:20.169709Z [info     ] validator_addresses_collected  addresses=[F942::4B69::BE1D::1AFE,BB15::8110::EEE2::19D9,D78... count=3
2025-12-12T14:34:20.169778Z [info     ] mainchain_validators_configured master_validators_count=3 min_validators_count=2 note='Using master node addresses in validators_addrs for mainchain'
2025-12-12T14:34:20.170093Z [info     ] loaded_config                  path=/home/olzh/demlabs/second/cellframe-node/tests/stage-env.cfg
2025-12-12T14:34:20.175629Z [info     ] configurations_generated       network=stagenet nodes=8
2025-12-12T14:34:20.175843Z [info     ] generating_docker_compose     
2025-12-12T14:34:20.176209Z [info     ] generating_compose_file        build_type=debug cache_dir=../testing/cache node_count=8 node_source_type=url
2025-12-12T14:34:20.202598Z [info     ] compose_file_generated         path=/home/olzh/demlabs/second/cellframe-node/tests/stage-env/docker-compose.generated.yml services=8
2025-12-12T14:34:20.202766Z [info     ] node_distribution              full=2 master=3 root=3
2025-12-12T14:34:20.202829Z [info     ] === PHASE 1: ROOT Nodes Startup (DAG-PoA Genesis) ===
2025-12-12T14:34:20.210435Z [info     ] network_consensus_monitor_initialized network=stagenet nodes=3
2025-12-12T14:34:20.226723Z [info     ] Loaded scenario: PHASE 1 - Zerochain Genesis from genesis/phase1_zerochain.yml
2025-12-12T14:34:20.240333Z [info     ] executing_phase1_scenario     
2025-12-12T14:34:20.240467Z [info     ] Starting scenario: PHASE 1 - Zerochain Genesis
2025-12-12T14:34:20.240523Z [info     ] Description: Initialize ROOT nodes, create token and emission
2025-12-12T14:34:20.240618Z [info     ] Executing setup phase...      
2025-12-12T14:34:20.240690Z [info     ] Step 1/4: ConfigStep (cellframe-node)
2025-12-12T14:34:20.240865Z [info     ] Config: regenerating 'cellframe-node' for nodes [1, 2, 3] with vars ['seed_mode']
2025-12-12T14:34:20.241498Z [info     ] cert_generator_initialized     certs_dir=/home/olzh/demlabs/second/cellframe-node/tests/testing/cache/certs docker_mode=True
2025-12-12T14:34:20.242595Z [info     ] Regenerated cellframe-node.cfg for node 1
2025-12-12T14:34:20.242808Z [info     ] Regenerated cellframe-node.cfg for node 2
2025-12-12T14:34:20.242983Z [info     ] Regenerated cellframe-node.cfg for node 3
2025-12-12T14:34:20.243041Z [info     ] Step 2/4: DockerOpStep        
2025-12-12T14:34:20.243110Z [info     ] Docker operation: start on services ['root-1', 'root-2', 'root-3', 'master-1', 'master-2', 'master-3']
2025-12-12T14:34:20.243175Z [info     ] starting_services              services=['node-1', 'node-2', 'node-3', 'node-4', 'node-5', 'node-6']
2025-12-12T14:34:20.930580Z [info     ] services_started              
2025-12-12T14:34:20.931232Z [info     ] waiting_for_container_ips      containers=['cellframe-stage-node-1', 'cellframe-stage-node-2', 'cellframe-stage-node-3', 'cellframe-stage-node-4', 'cellframe-stage-node-5', 'cellframe-stage-node-6']
2025-12-12T14:34:20.931358Z [info     ] waiting_for_container_ips      containers=['cellframe-stage-node-4', 'cellframe-stage-node-5', 'cellframe-stage-node-3', 'cellframe-stage-node-2', 'cellframe-stage-node-1', 'cellframe-stage-node-6'] timeout=30.0
2025-12-12T14:34:20.958363Z [info     ] all_containers_have_ips        count=6 elapsed=0.0
2025-12-12T14:34:20.958499Z [info     ] ✅ All containers have IP addresses count=6
2025-12-12T14:34:20.958562Z [info     ] ✅ Docker operation 'start' completed
2025-12-12T14:34:20.958622Z [info     ] Step 3/4: NetworkWaitStep     
2025-12-12T14:34:20.958698Z [info     ] Waiting for network state: online on nodes ['root-1', 'root-2', 'root-3', 'master-1', 'master-2', 'master-3']
2025-12-12T14:34:20.979381Z [info     ] waiting_for_nodes_online       node_count=6 timeout=60
2025-12-12T14:34:28.285978Z [info     ] all_nodes_online               count=6 elapsed=6.9s
2025-12-12T14:34:28.286128Z [info     ] ✅ Network state 'online' achieved
2025-12-12T14:34:28.286193Z [info     ] Step 4/4: WaitStep            
2025-12-12T14:34:28.286275Z [info     ] Executing WaitStep. Dump: {'wait': '5s', 'datum': None, 'node': None, 'nodes': None, 'network': None, 'chain': None, 'timeout': 60, 'check_master': True, 'expected_count': None}
2025-12-12T14:34:28.286458Z [info     ] Waiting 5s (5s)               
2025-12-12T14:34:33.291151Z [info     ] collecting_global_context_after_setup nodes=3
2025-12-12T14:34:33.291360Z [info     ] global_context_waiting_for_ips containers=['cellframe-stage-node-1', 'cellframe-stage-node-2', 'cellframe-stage-node-3'] count=3
2025-12-12T14:34:33.291422Z [info     ] waiting_for_container_ips      containers=['cellframe-stage-node-3', 'cellframe-stage-node-1', 'cellframe-stage-node-2'] timeout=30.0
2025-12-12T14:34:33.303178Z [info     ] all_containers_have_ips        count=3 elapsed=0.0
2025-12-12T14:34:33.303315Z [info     ] global_context_ips_collected   count=3 node_ip_map={'node1': '172.20.0.10', 'node2': '172.20.0.11', 'node3': '172.20.0.12'}
2025-12-12T14:34:33.303398Z [info     ] global_context_injected_into_scenario node_count=3 node_ip_map={'node1': '172.20.0.10', 'node2': '172.20.0.11', 'node3': '172.20.0.12'} variables=['network_name', 'topology_name', 'node_ips', 'node_ip', 'node_count', 'root_count', 'master_count', 'full_count', 'root_nodes', 'master_nodes', 'full_nodes']
2025-12-12T14:34:33.313384Z [info     ] initializing_cli_parser_after_setup
2025-12-12T14:34:33.363210Z [info     ] Parsing CLI help from container container=cellframe-stage-node-3
2025-12-12T14:34:33.431730Z [info     ] CLI help output (first 500 chars): Available commands:

srv_stake:			Delegated stake service commands
dag:			DAG commands
dag_poa:			DAG PoA commands
block:			Create and explore blockchains
esbocs:			ESBOCS commands
poll:			Voting/poll commands
net:			Network commands
net_srv:			Network services managment
srv_xchange:			eXchange service commands
stake_ext:			Extended stake commands
stake_lock:			Stake lock service commands
global_db:			Work with global database
mempool:			Command for working with mempool
node:			Work with node
ve
2025-12-12T14:34:33.431982Z [info     ] Found 41 CLI commands         
2025-12-12T14:34:35.959891Z [info     ] CLI parsing complete: 41 commands mapped
2025-12-12T14:34:35.960237Z [info     ] Saved CLI commands to cache: /home/olzh/demlabs/second/cellframe-node/tests/stage-env/.cache/cli_commands.json
2025-12-12T14:34:35.960321Z [info     ] cli_parser_initialized_after_setup commands=41 note='CLI defaults will be applied to commands'
2025-12-12T14:34:35.960387Z [info     ] Executing test phase...       
2025-12-12T14:34:35.960452Z [info     ] Step 1/23: StepGroup          
2025-12-12T14:34:35.960507Z [info     ] Step 1/3: CLIStep             
2025-12-12T14:34:35.960567Z [info     ] CLI step: node dump (node: root-1)
2025-12-12T14:34:35.970697Z [info     ] exec_cli_command_debug         command_original='node dump -net stagenet' command_split=['node', 'dump', '-net', 'stagenet'] container=cellframe-stage-node-1 full_cmd_list=['docker', 'exec', 'cellframe-stage-node-1', 'sh', '-c', 'cellframe-node-cli node dump -net stagenet'] shell_cmd='cellframe-node-cli node dump -net stagenet'
2025-12-12T14:34:36.015122Z [info     ] cli_save_node_output_debug     command='node dump -net stagenet' output_length=292 output_preview='Record timestamp: Fri, 12 Dec 2025 14:34:31 +0000\nRecord version: 2\nNode version: 5.7-14\nNode addr: 1EE9::FF01::8556::D912\nNet: stagenet\nRole: NODE_ROLE_ROOT\nEvents count: 0\nAtoms count: 0\nUplinks count: 0\nDownlinks count: 0\n-----------------------------------------------------------------\n\n' pattern='Node addr:\\s+([A-Fa-f0-9:]+)'
2025-12-12T14:34:36.015405Z [info     ] Step 2/3: CLIStep             
2025-12-12T14:34:36.015477Z [info     ] CLI step: node dump (node: root-2)
2025-12-12T14:34:36.023200Z [info     ] exec_cli_command_debug         command_original='node dump -net stagenet' command_split=['node', 'dump', '-net', 'stagenet'] container=cellframe-stage-node-2 full_cmd_list=['docker', 'exec', 'cellframe-stage-node-2', 'sh', '-c', 'cellframe-node-cli node dump -net stagenet'] shell_cmd='cellframe-node-cli node dump -net stagenet'
2025-12-12T14:34:36.082744Z [info     ] cli_save_node_output_debug     command='node dump -net stagenet' output_length=292 output_preview='Record timestamp: Fri, 12 Dec 2025 14:34:31 +0000\nRecord version: 2\nNode version: 5.7-14\nNode addr: E5A1::2D1E::4246::566F\nNet: stagenet\nRole: NODE_ROLE_ROOT\nEvents count: 0\nAtoms count: 0\nUplinks count: 0\nDownlinks count: 0\n-----------------------------------------------------------------\n\n' pattern='Node addr:\\s+([A-Fa-f0-9:]+)'
2025-12-12T14:34:36.082923Z [info     ] Step 3/3: CLIStep             
2025-12-12T14:34:36.082984Z [info     ] CLI step: node dump (node: root-3)
2025-12-12T14:34:36.091433Z [info     ] exec_cli_command_debug         command_original='node dump -net stagenet' command_split=['node', 'dump', '-net', 'stagenet'] container=cellframe-stage-node-3 full_cmd_list=['docker', 'exec', 'cellframe-stage-node-3', 'sh', '-c', 'cellframe-node-cli node dump -net stagenet'] shell_cmd='cellframe-node-cli node dump -net stagenet'
2025-12-12T14:34:36.154857Z [info     ] cli_save_node_output_debug     command='node dump -net stagenet' output_length=292 output_preview='Record timestamp: Fri, 12 Dec 2025 14:34:31 +0000\nRecord version: 2\nNode version: 5.7-14\nNode addr: 4F66::E88B::073E::E03E\nNet: stagenet\nRole: NODE_ROLE_ROOT\nEvents count: 0\nAtoms count: 0\nUplinks count: 0\nDownlinks count: 0\n-----------------------------------------------------------------\n\n' pattern='Node addr:\\s+([A-Fa-f0-9:]+)'
2025-12-12T14:34:36.155041Z [info     ] Step 2/23: StepGroup          
2025-12-12T14:34:36.155118Z [info     ] Step 1/2: CLIStep             
2025-12-12T14:34:36.155195Z [info     ] CLI step: node add -addr E5A1::2D1E::4246::566F -alias root-2 -host 172.20.0.11 -port 8079 (node: root-1)
2025-12-12T14:34:36.162432Z [info     ] exec_cli_command_debug         command_original='node add -addr E5A1::2D1E::4246::566F -alias root-2 -host 172.20.0.11 -port 8079 -net stagenet' command_split=['node', 'add', '-addr', 'E5A1::2D1E::4246::566F', '-alias', 'root-2', '-host', '172.20.0.11', '-port', '8079', '-net', 'stagenet'] container=cellframe-stage-node-1 full_cmd_list=['docker', 'exec', 'cellframe-stage-node-1', 'sh', '-c', 'cellframe-node-cli node add -addr E5A1::2D1E::4246::566F -alias root-2 -host 172.20.0.11 -port 8079 -net stagenet'] shell_cmd='cellframe-node-cli node add -addr E5A1::2D1E::4246::566F -alias root-2 -host 172.20.0.11 -port 8079 -net stagenet'
2025-12-12T14:34:36.218680Z [info     ] Step 2/2: CLIStep             
2025-12-12T14:34:36.218838Z [info     ] CLI step: node add -addr 4F66::E88B::073E::E03E -alias root-3 -host 172.20.0.12 -port 8079 (node: root-1)
2025-12-12T14:34:36.226414Z [info     ] exec_cli_command_debug         command_original='node add -addr 4F66::E88B::073E::E03E -alias root-3 -host 172.20.0.12 -port 8079 -net stagenet' command_split=['node', 'add', '-addr', '4F66::E88B::073E::E03E', '-alias', 'root-3', '-host', '172.20.0.12', '-port', '8079', '-net', 'stagenet'] container=cellframe-stage-node-1 full_cmd_list=['docker', 'exec', 'cellframe-stage-node-1', 'sh', '-c', 'cellframe-node-cli node add -addr 4F66::E88B::073E::E03E -alias root-3 -host 172.20.0.12 -port 8079 -net stagenet'] shell_cmd='cellframe-node-cli node add -addr 4F66::E88B::073E::E03E -alias root-3 -host 172.20.0.12 -port 8079 -net stagenet'
2025-12-12T14:34:36.299494Z [info     ] Step 3/23: StepGroup          
2025-12-12T14:34:36.299647Z [info     ] Step 1/2: CLIStep             
2025-12-12T14:34:36.299719Z [info     ] CLI step: node add -addr 1EE9::FF01::8556::D912 -alias root-1 -host 172.20.0.10 -port 8079 (node: root-2)
2025-12-12T14:34:36.306876Z [info     ] exec_cli_command_debug         command_original='node add -addr 1EE9::FF01::8556::D912 -alias root-1 -host 172.20.0.10 -port 8079 -net stagenet' command_split=['node', 'add', '-addr', '1EE9::FF01::8556::D912', '-alias', 'root-1', '-host', '172.20.0.10', '-port', '8079', '-net', 'stagenet'] container=cellframe-stage-node-2 full_cmd_list=['docker', 'exec', 'cellframe-stage-node-2', 'sh', '-c', 'cellframe-node-cli node add -addr 1EE9::FF01::8556::D912 -alias root-1 -host 172.20.0.10 -port 8079 -net stagenet'] shell_cmd='cellframe-node-cli node add -addr 1EE9::FF01::8556::D912 -alias root-1 -host 172.20.0.10 -port 8079 -net stagenet'
2025-12-12T14:34:36.363229Z [info     ] Step 2/2: CLIStep             
2025-12-12T14:34:36.363376Z [info     ] CLI step: node add -addr 4F66::E88B::073E::E03E -alias root-3 -host 172.20.0.12 -port 8079 (node: root-2)
2025-12-12T14:34:36.370856Z [info     ] exec_cli_command_debug         command_original='node add -addr 4F66::E88B::073E::E03E -alias root-3 -host 172.20.0.12 -port 8079 -net stagenet' command_split=['node', 'add', '-addr', '4F66::E88B::073E::E03E', '-alias', 'root-3', '-host', '172.20.0.12', '-port', '8079', '-net', 'stagenet'] container=cellframe-stage-node-2 full_cmd_list=['docker', 'exec', 'cellframe-stage-node-2', 'sh', '-c', 'cellframe-node-cli node add -addr 4F66::E88B::073E::E03E -alias root-3 -host 172.20.0.12 -port 8079 -net stagenet'] shell_cmd='cellframe-node-cli node add -addr 4F66::E88B::073E::E03E -alias root-3 -host 172.20.0.12 -port 8079 -net stagenet'
2025-12-12T14:34:36.426805Z [info     ] Step 4/23: StepGroup          
2025-12-12T14:34:36.426956Z [info     ] Step 1/2: CLIStep             
2025-12-12T14:34:36.427029Z [info     ] CLI step: node add -addr 1EE9::FF01::8556::D912 -alias root-1 -host 172.20.0.10 -port 8079 (node: root-3)
2025-12-12T14:34:36.434035Z [info     ] exec_cli_command_debug         command_original='node add -addr 1EE9::FF01::8556::D912 -alias root-1 -host 172.20.0.10 -port 8079 -net stagenet' command_split=['node', 'add', '-addr', '1EE9::FF01::8556::D912', '-alias', 'root-1', '-host', '172.20.0.10', '-port', '8079', '-net', 'stagenet'] container=cellframe-stage-node-3 full_cmd_list=['docker', 'exec', 'cellframe-stage-node-3', 'sh', '-c', 'cellframe-node-cli node add -addr 1EE9::FF01::8556::D912 -alias root-1 -host 172.20.0.10 -port 8079 -net stagenet'] shell_cmd='cellframe-node-cli node add -addr 1EE9::FF01::8556::D912 -alias root-1 -host 172.20.0.10 -port 8079 -net stagenet'
2025-12-12T14:34:36.495147Z [info     ] Step 2/2: CLIStep             
2025-12-12T14:34:36.495300Z [info     ] CLI step: node add -addr E5A1::2D1E::4246::566F -alias root-2 -host 172.20.0.11 -port 8079 (node: root-3)
2025-12-12T14:34:36.502425Z [info     ] exec_cli_command_debug         command_original='node add -addr E5A1::2D1E::4246::566F -alias root-2 -host 172.20.0.11 -port 8079 -net stagenet' command_split=['node', 'add', '-addr', 'E5A1::2D1E::4246::566F', '-alias', 'root-2', '-host', '172.20.0.11', '-port', '8079', '-net', 'stagenet'] container=cellframe-stage-node-3 full_cmd_list=['docker', 'exec', 'cellframe-stage-node-3', 'sh', '-c', 'cellframe-node-cli node add -addr E5A1::2D1E::4246::566F -alias root-2 -host 172.20.0.11 -port 8079 -net stagenet'] shell_cmd='cellframe-node-cli node add -addr E5A1::2D1E::4246::566F -alias root-2 -host 172.20.0.11 -port 8079 -net stagenet'
2025-12-12T14:34:36.567309Z [info     ] Step 5/23: StepGroup          
2025-12-12T14:34:36.567457Z [info     ] Step 1/3: CLIStep             
2025-12-12T14:34:36.567511Z [info     ] CLI step: net go offline (node: root-1)
2025-12-12T14:34:36.574946Z [info     ] exec_cli_command_debug         command_original='net go offline -net stagenet' command_split=['net', 'go', 'offline', '-net', 'stagenet'] container=cellframe-stage-node-1 full_cmd_list=['docker', 'exec', 'cellframe-stage-node-1', 'sh', '-c', 'cellframe-node-cli net go offline -net stagenet'] shell_cmd='cellframe-node-cli net go offline -net stagenet'
2025-12-12T14:34:36.643923Z [info     ] Step 2/3: CLIStep             
2025-12-12T14:34:36.644059Z [info     ] CLI step: net go offline (node: root-2)
2025-12-12T14:34:36.652056Z [info     ] exec_cli_command_debug         command_original='net go offline -net stagenet' command_split=['net', 'go', 'offline', '-net', 'stagenet'] container=cellframe-stage-node-2 full_cmd_list=['docker', 'exec', 'cellframe-stage-node-2', 'sh', '-c', 'cellframe-node-cli net go offline -net stagenet'] shell_cmd='cellframe-node-cli net go offline -net stagenet'
2025-12-12T14:34:36.723263Z [info     ] Step 3/3: CLIStep             
2025-12-12T14:34:36.723412Z [info     ] CLI step: net go offline (node: root-3)
2025-12-12T14:34:36.731897Z [info     ] exec_cli_command_debug         command_original='net go offline -net stagenet' command_split=['net', 'go', 'offline', '-net', 'stagenet'] container=cellframe-stage-node-3 full_cmd_list=['docker', 'exec', 'cellframe-stage-node-3', 'sh', '-c', 'cellframe-node-cli net go offline -net stagenet'] shell_cmd='cellframe-node-cli net go offline -net stagenet'
2025-12-12T14:34:36.799309Z [info     ] Step 6/23: NetworkWaitStep    
2025-12-12T14:34:36.799452Z [info     ] Waiting for network state: offline on nodes ['root-1', 'root-2', 'root-3']
2025-12-12T14:34:36.799533Z [info     ] waiting_for_nodes_offline      node_count=3 timeout=60
2025-12-12T14:34:36.997153Z [info     ] all_nodes_offline              count=3 elapsed=0.0s
2025-12-12T14:34:36.997319Z [info     ] ✅ Network state 'offline' achieved
2025-12-12T14:34:36.997385Z [info     ] Step 7/23: StepGroup          
2025-12-12T14:34:36.997459Z [info     ] Step 1/3: CLIStep             
2025-12-12T14:34:36.997518Z [info     ] CLI step: net go online (node: root-1)
2025-12-12T14:34:37.006033Z [info     ] exec_cli_command_debug         command_original='net go online -net stagenet' command_split=['net', 'go', 'online', '-net', 'stagenet'] container=cellframe-stage-node-1 full_cmd_list=['docker', 'exec', 'cellframe-stage-node-1', 'sh', '-c', 'cellframe-node-cli net go online -net stagenet'] shell_cmd='cellframe-node-cli net go online -net stagenet'
2025-12-12T14:34:37.078851Z [info     ] Step 2/3: CLIStep             
2025-12-12T14:34:37.079001Z [info     ] CLI step: net go online (node: root-2)
2025-12-12T14:34:37.086356Z [info     ] exec_cli_command_debug         command_original='net go online -net stagenet' command_split=['net', 'go', 'online', '-net', 'stagenet'] container=cellframe-stage-node-2 full_cmd_list=['docker', 'exec', 'cellframe-stage-node-2', 'sh', '-c', 'cellframe-node-cli net go online -net stagenet'] shell_cmd='cellframe-node-cli net go online -net stagenet'
2025-12-12T14:34:37.163166Z [info     ] Step 3/3: CLIStep             
2025-12-12T14:34:37.163299Z [info     ] CLI step: net go online (node: root-3)
2025-12-12T14:34:37.170513Z [info     ] exec_cli_command_debug         command_original='net go online -net stagenet' command_split=['net', 'go', 'online', '-net', 'stagenet'] container=cellframe-stage-node-3 full_cmd_list=['docker', 'exec', 'cellframe-stage-node-3', 'sh', '-c', 'cellframe-node-cli net go online -net stagenet'] shell_cmd='cellframe-node-cli net go online -net stagenet'
2025-12-12T14:34:37.234932Z [info     ] Step 8/23: NetworkWaitStep    
2025-12-12T14:34:37.235068Z [info     ] Waiting for network state: links_established on nodes ['root-1', 'root-2', 'root-3']
2025-12-12T14:34:37.242604Z [info     ] network_consensus_monitor_initialized network=stagenet nodes=3
2025-12-12T14:34:37.242748Z [info     ] waiting_for_links_established  nodes=3 timeout=120.0
2025-12-12T14:34:43.963482Z [info     ] links_establishment_progress   elapsed=6.6s ready=0 total=3
2025-12-12T14:34:50.405670Z [info     ] links_establishment_progress   elapsed=13.0s ready=0 total=3
2025-12-12T14:34:57.094177Z [info     ] links_establishment_progress   elapsed=19.5s ready=0 total=3
2025-12-12T14:35:03.734437Z [info     ] links_establishment_progress   elapsed=26.2s ready=0 total=3
2025-12-12T14:35:10.257766Z [info     ] links_establishment_progress   elapsed=32.7s ready=0 total=3
2025-12-12T14:35:16.842177Z [info     ] links_establishment_progress   elapsed=39.3s ready=0 total=3
2025-12-12T14:35:23.531488Z [info     ] links_establishment_progress   elapsed=45.8s ready=0 total=3
2025-12-12T14:35:30.150632Z [info     ] links_establishment_progress   elapsed=52.5s ready=0 total=3
2025-12-12T14:35:36.618544Z [info     ] links_establishment_progress   elapsed=59.0s ready=0 total=3
2025-12-12T14:35:43.093827Z [info     ] links_establishment_progress   elapsed=65.4s ready=0 total=3
2025-12-12T14:35:49.540537Z [info     ] links_establishment_progress   elapsed=71.9s ready=0 total=3
2025-12-12T14:35:56.342265Z [info     ] links_establishment_progress   elapsed=78.5s ready=0 total=3
2025-12-12T14:36:02.803525Z [info     ] links_establishment_progress   elapsed=85.0s ready=0 total=3
2025-12-12T14:36:09.354475Z [info     ] links_establishment_progress   elapsed=91.5s ready=0 total=3
2025-12-12T14:36:15.906410Z [info     ] links_establishment_progress   elapsed=98.0s ready=0 total=3
2025-12-12T14:36:22.477701Z [info     ] links_establishment_progress   elapsed=104.6s ready=0 total=3
2025-12-12T14:36:29.123157Z [info     ] links_establishment_progress   elapsed=111.2s ready=0 total=3
2025-12-12T14:36:35.667612Z [info     ] links_establishment_progress   elapsed=117.7s ready=0 total=3
2025-12-12T14:36:39.794883Z [error    ] links_establishment_timeout    elapsed=122.0s timeout=120.0
2025-12-12T14:36:39.795113Z [error    ] Network wait failed: Links did not establish within 120.0s
2025-12-12T14:36:39.797539Z [error    ] root_nodes_genesis_failed      error="Network wait failed: Links did not establish within 120.0s\nStep: wait_network='links_established' nodes=['root-1', 'root-2', 'root-3'] timeout=120 network='stagenet' chain=None" traceback='Traceback (most recent call last):\n  File "/home/olzh/demlabs/second/cellframe-node/tests/stage-env/src/scenarios/step/network_wait.py", line 103, in execute\n    await monitor.wait_for_links_established(timeout=float(step.timeout))\n  File "/home/olzh/demlabs/second/cellframe-node/tests/stage-env/src/monitoring/network_consensus.py", line 414, in wait_for_links_established\n    raise TimeoutError(f"Links did not establish within {timeout}s")\nTimeoutError: Links did not establish within 120.0s\n\nDuring handling of the above exception, another exception occurred:\n\nTraceback (most recent call last):\n  File "/home/olzh/demlabs/second/cellframe-node/tests/stage-env/src/network/manager.py", line 384, in start\n    ctx = await executor.execute_scenario(\n          ^^^^^^^^^^^^^^^^^^^^^^^^^^^^^^^^\n  File "/home/olzh/demlabs/second/cellframe-node/tests/stage-env/src/scenarios/executor.py", line 499, in execute_scenario\n    await self._execute_steps(scenario.test.steps, ctx, section_defaults)\n  File "/home/olzh/demlabs/second/cellframe-node/tests/stage-env/src/scenarios/executor.py", line 595, in _execute_steps\n    await self.network_wait_executor.execute(step, ctx)\n  File "/home/olzh/demlabs/second/cellframe-node/tests/stage-env/src/scenarios/step/network_wait.py", line 126, in execute\n    raise ScenarioExecutionError(error_msg, step=step)\nsrc.scenarios.executor.ScenarioExecutionError: Network wait failed: Links did not establish within 120.0s\nStep: wait_network=\'links_established\' nodes=[\'root-1\', \'root-2\', \'root-3\'] timeout=120 network=\'stagenet\' chain=None\n'
2025-12-12T14:36:39.797716Z [info     ] stopping_services              remove_images=False volumes=False
2025-12-12T14:36:41.616250Z [info     ] services_stopped              
